<?xml version="1.0" encoding="UTF-8"?>
<testng-results skipped="0" failed="0" ignored="0" total="1" passed="1">
  <reporter-output>
  </reporter-output>
  <suite name="Opencart Suite" duration-ms="34121" started-at="2021-12-04T17:35:31 CST" finished-at="2021-12-04T17:36:06 CST">
    <groups>
      <group name="regression">
        <method signature="TC_001_AccountRegistration.test_account_Registration()[pri:0, instance:testCases.TC_001_AccountRegistration@32eebfca]" name="test_account_Registration" class="testCases.TC_001_AccountRegistration"/>
      </group> <!-- regression -->
      <group name="master">
        <method signature="TC_001_AccountRegistration.test_account_Registration()[pri:0, instance:testCases.TC_001_AccountRegistration@32eebfca]" name="test_account_Registration" class="testCases.TC_001_AccountRegistration"/>
      </group> <!-- master -->
    </groups>
    <test name="Opencart Test" duration-ms="34121" started-at="2021-12-04T17:35:31 CST" finished-at="2021-12-04T17:36:06 CST">
      <class name="testCases.TC_001_AccountRegistration">
        <test-method status="PASS" signature="setup(java.lang.String)[pri:0, instance:testCases.TC_001_AccountRegistration@32eebfca]" name="setup" is-config="true" duration-ms="21023" started-at="2021-12-04T17:35:32 CST" finished-at="2021-12-04T17:35:53 CST">
          <params>
            <param index="0">
              <value>
                <![CDATA[chrome]]>
              </value>
            </param>
          </params>
          <reporter-output>
          </reporter-output>
        </test-method> <!-- setup -->
        <test-method status="PASS" signature="test_account_Registration()[pri:0, instance:testCases.TC_001_AccountRegistration@32eebfca]" name="test_account_Registration" duration-ms="11234" started-at="2021-12-04T17:35:53 CST" finished-at="2021-12-04T17:36:04 CST">
          <reporter-output>
          </reporter-output>
        </test-method> <!-- test_account_Registration -->
        <test-method status="PASS" signature="tearDown()[pri:0, instance:testCases.TC_001_AccountRegistration@32eebfca]" name="tearDown" is-config="true" duration-ms="1131" started-at="2021-12-04T17:36:04 CST" finished-at="2021-12-04T17:36:06 CST">
          <reporter-output>
          </reporter-output>
        </test-method> <!-- tearDown -->
      </class> <!-- testCases.TC_001_AccountRegistration -->
    </test> <!-- Opencart Test -->
  </suite> <!-- Opencart Suite -->
</testng-results>
